{"/Users/nicholas.d.roman/Projects/zoomly-root/backend/src/app.ts": {"path":"/Users/nicholas.d.roman/Projects/zoomly-root/backend/src/app.ts","statementMap":{"0":{"start":{"line":1,"column":0},"end":{"line":1,"column":30}},"1":{"start":{"line":2,"column":0},"end":{"line":2,"column":45}},"2":{"start":{"line":3,"column":0},"end":{"line":3,"column":45}},"3":{"start":{"line":5,"column":12},"end":{"line":5,"column":21}},"4":{"start":{"line":8,"column":0},"end":{"line":8,"column":24}},"5":{"start":{"line":10,"column":0},"end":{"line":10,"column":29}},"6":{"start":{"line":11,"column":0},"end":{"line":11,"column":36}},"7":{"start":{"line":12,"column":0},"end":{"line":12,"column":45}},"8":{"start":{"line":14,"column":0},"end":{"line":14,"column":29}},"9":{"start":{"line":27,"column":0},"end":{"line":30,"column":3}},"10":{"start":{"line":29,"column":2},"end":{"line":29,"column":48}}},"fnMap":{"0":{"name":"(anonymous_1)","decl":{"start":{"line":27,"column":17},"end":{"line":27,"column":20}},"loc":{"start":{"line":27,"column":22},"end":{"line":30,"column":1}}}},"branchMap":{},"s":{"0":0,"1":0,"2":0,"3":0,"4":0,"5":0,"6":0,"7":0,"8":0,"9":0,"10":0},"f":{"0":0},"b":{}}
,"/Users/nicholas.d.roman/Projects/zoomly-root/backend/src/database.ts": {"path":"/Users/nicholas.d.roman/Projects/zoomly-root/backend/src/database.ts","statementMap":{"0":{"start":{"line":1,"column":0},"end":{"line":1,"column":37}},"1":{"start":{"line":2,"column":0},"end":{"line":2,"column":32}},"2":{"start":{"line":4,"column":41},"end":{"line":4,"column":47}},"3":{"start":{"line":5,"column":13},"end":{"line":5,"column":51}},"4":{"start":{"line":7,"column":13},"end":{"line":13,"column":2}},"5":{"start":{"line":17,"column":8},"end":{"line":17,"column":12}},"6":{"start":{"line":14,"column":18},"end":{"line":16,"column":1}},"7":{"start":{"line":15,"column":2},"end":{"line":15,"column":62}},"8":{"start":{"line":15,"column":24},"end":{"line":15,"column":60}},"9":{"start":{"line":17,"column":27},"end":{"line":17,"column":36}}},"fnMap":{"0":{"name":"(anonymous_0)","decl":{"start":{"line":14,"column":18},"end":{"line":14,"column":21}},"loc":{"start":{"line":14,"column":23},"end":{"line":16,"column":1}}},"1":{"name":"(anonymous_1)","decl":{"start":{"line":15,"column":18},"end":{"line":15,"column":21}},"loc":{"start":{"line":15,"column":24},"end":{"line":15,"column":60}}}},"branchMap":{},"s":{"0":0,"1":0,"2":0,"3":0,"4":0,"5":0,"6":0,"7":0,"8":0,"9":0},"f":{"0":0,"1":0},"b":{}}
,"/Users/nicholas.d.roman/Projects/zoomly-root/backend/src/controllers/autoController.ts": {"path":"/Users/nicholas.d.roman/Projects/zoomly-root/backend/src/controllers/autoController.ts","statementMap":{"0":{"start":{"line":2,"column":0},"end":{"line":2,"column":44}},"1":{"start":{"line":5,"column":2},"end":{"line":15,"column":null}},"2":{"start":{"line":6,"column":26},"end":{"line":6,"column":74}},"3":{"start":{"line":7,"column":4},"end":{"line":7,"column":16}},"4":{"start":{"line":8,"column":4},"end":{"line":12,"column":null}},"5":{"start":{"line":9,"column":6},"end":{"line":9,"column":54}},"6":{"start":{"line":11,"column":6},"end":{"line":11,"column":61}},"7":{"start":{"line":14,"column":4},"end":{"line":14,"column":50}},"8":{"start":{"line":4,"column":0},"end":{"line":4,"column":7}}},"fnMap":{"0":{"name":"getAutoMakers","decl":{"start":{"line":4,"column":22},"end":{"line":4,"column":35}},"loc":{"start":{"line":4,"column":63},"end":{"line":16,"column":1}}}},"branchMap":{"0":{"loc":{"start":{"line":8,"column":4},"end":{"line":12,"column":null}},"type":"if","locations":[{"start":{"line":8,"column":4},"end":{"line":12,"column":null}},{"start":{"line":10,"column":11},"end":{"line":12,"column":null}}]}},"s":{"0":0,"1":0,"2":0,"3":0,"4":0,"5":0,"6":0,"7":0,"8":0},"f":{"0":0},"b":{"0":[0,0]}}
,"/Users/nicholas.d.roman/Projects/zoomly-root/backend/src/controllers/userController.ts": {"path":"/Users/nicholas.d.roman/Projects/zoomly-root/backend/src/controllers/userController.ts","statementMap":{"0":{"start":{"line":2,"column":0},"end":{"line":2,"column":30}},"1":{"start":{"line":4,"column":0},"end":{"line":4,"column":null}},"2":{"start":{"line":9,"column":0},"end":{"line":9,"column":33}},"3":{"start":{"line":12,"column":28},"end":{"line":12,"column":36}},"4":{"start":{"line":13,"column":2},"end":{"line":42,"column":null}},"5":{"start":{"line":15,"column":19},"end":{"line":17,"column":6}},"6":{"start":{"line":18,"column":17},"end":{"line":18,"column":31}},"7":{"start":{"line":21,"column":4},"end":{"line":23,"column":null}},"8":{"start":{"line":22,"column":6},"end":{"line":22,"column":63}},"9":{"start":{"line":26,"column":20},"end":{"line":26,"column":65}},"10":{"start":{"line":29,"column":4},"end":{"line":34,"column":null}},"11":{"start":{"line":31,"column":20},"end":{"line":31,"column":41}},"12":{"start":{"line":33,"column":6},"end":{"line":33,"column":43}},"13":{"start":{"line":37,"column":4},"end":{"line":37,"column":63}},"14":{"start":{"line":40,"column":4},"end":{"line":40,"column":46}},"15":{"start":{"line":41,"column":4},"end":{"line":41,"column":68}},"16":{"start":{"line":11,"column":0},"end":{"line":11,"column":7}},"17":{"start":{"line":46,"column":28},"end":{"line":46,"column":36}},"18":{"start":{"line":47,"column":2},"end":{"line":72,"column":null}},"19":{"start":{"line":49,"column":23},"end":{"line":51,"column":null}},"20":{"start":{"line":53,"column":4},"end":{"line":55,"column":null}},"21":{"start":{"line":54,"column":6},"end":{"line":54,"column":68}},"22":{"start":{"line":58,"column":27},"end":{"line":58,"column":55}},"23":{"start":{"line":61,"column":20},"end":{"line":63,"column":null}},"24":{"start":{"line":66,"column":18},"end":{"line":66,"column":40}},"25":{"start":{"line":68,"column":4},"end":{"line":68,"column":64}},"26":{"start":{"line":70,"column":4},"end":{"line":70,"column":49}},"27":{"start":{"line":71,"column":4},"end":{"line":71,"column":59}},"28":{"start":{"line":45,"column":0},"end":{"line":45,"column":7}},"29":{"start":{"line":79,"column":2},"end":{"line":96,"column":null}},"30":{"start":{"line":80,"column":30},"end":{"line":80,"column":38}},"31":{"start":{"line":85,"column":24},"end":{"line":85,"column":52}},"32":{"start":{"line":86,"column":4},"end":{"line":89,"column":7}},"33":{"start":{"line":90,"column":18},"end":{"line":90,"column":37}},"34":{"start":{"line":92,"column":4},"end":{"line":92,"column":34}},"35":{"start":{"line":94,"column":4},"end":{"line":94,"column":25}},"36":{"start":{"line":95,"column":4},"end":{"line":95,"column":34}},"37":{"start":{"line":75,"column":0},"end":{"line":75,"column":7}}},"fnMap":{"0":{"name":"login","decl":{"start":{"line":11,"column":22},"end":{"line":11,"column":27}},"loc":{"start":{"line":11,"column":55},"end":{"line":43,"column":1}}},"1":{"name":"signup","decl":{"start":{"line":45,"column":22},"end":{"line":45,"column":28}},"loc":{"start":{"line":45,"column":56},"end":{"line":73,"column":1}}},"2":{"name":"change_password","decl":{"start":{"line":75,"column":22},"end":{"line":75,"column":37}},"loc":{"start":{"line":77,"column":15},"end":{"line":97,"column":1}}}},"branchMap":{"0":{"loc":{"start":{"line":21,"column":4},"end":{"line":23,"column":null}},"type":"if","locations":[{"start":{"line":21,"column":4},"end":{"line":23,"column":null}}]},"1":{"loc":{"start":{"line":29,"column":4},"end":{"line":34,"column":null}},"type":"if","locations":[{"start":{"line":29,"column":4},"end":{"line":34,"column":null}}]},"2":{"loc":{"start":{"line":53,"column":4},"end":{"line":55,"column":null}},"type":"if","locations":[{"start":{"line":53,"column":4},"end":{"line":55,"column":null}}]}},"s":{"0":0,"1":0,"2":0,"3":0,"4":0,"5":0,"6":0,"7":0,"8":0,"9":0,"10":0,"11":0,"12":0,"13":0,"14":0,"15":0,"16":0,"17":0,"18":0,"19":0,"20":0,"21":0,"22":0,"23":0,"24":0,"25":0,"26":0,"27":0,"28":0,"29":0,"30":0,"31":0,"32":0,"33":0,"34":0,"35":0,"36":0,"37":0},"f":{"0":0,"1":0,"2":0},"b":{"0":[0],"1":[0],"2":[0]}}
,"/Users/nicholas.d.roman/Projects/zoomly-root/backend/src/services/userService.ts": {"path":"/Users/nicholas.d.roman/Projects/zoomly-root/backend/src/services/userService.ts","statementMap":{"0":{"start":{"line":2,"column":0},"end":{"line":2,"column":33}},"1":{"start":{"line":9,"column":16},"end":{"line":9,"column":72}},"2":{"start":{"line":10,"column":17},"end":{"line":10,"column":34}},"3":{"start":{"line":11,"column":30},"end":{"line":11,"column":61}},"4":{"start":{"line":12,"column":2},"end":{"line":14,"column":null}},"5":{"start":{"line":13,"column":4},"end":{"line":13,"column":34}},"6":{"start":{"line":15,"column":2},"end":{"line":15,"column":14}},"7":{"start":{"line":5,"column":0},"end":{"line":5,"column":7}},"8":{"start":{"line":22,"column":16},"end":{"line":22,"column":72}},"9":{"start":{"line":23,"column":17},"end":{"line":23,"column":34}},"10":{"start":{"line":25,"column":30},"end":{"line":25,"column":61}},"11":{"start":{"line":26,"column":2},"end":{"line":28,"column":null}},"12":{"start":{"line":27,"column":4},"end":{"line":27,"column":34}},"13":{"start":{"line":29,"column":2},"end":{"line":29,"column":14}},"14":{"start":{"line":18,"column":0},"end":{"line":18,"column":7}},"15":{"start":{"line":36,"column":16},"end":{"line":36,"column":54}},"16":{"start":{"line":37,"column":17},"end":{"line":37,"column":34}},"17":{"start":{"line":39,"column":30},"end":{"line":39,"column":61}},"18":{"start":{"line":42,"column":2},"end":{"line":44,"column":null}},"19":{"start":{"line":43,"column":4},"end":{"line":43,"column":34}},"20":{"start":{"line":45,"column":2},"end":{"line":45,"column":14}},"21":{"start":{"line":32,"column":0},"end":{"line":32,"column":7}}},"fnMap":{"0":{"name":"loginUser","decl":{"start":{"line":5,"column":22},"end":{"line":5,"column":31}},"loc":{"start":{"line":7,"column":18},"end":{"line":16,"column":1}}},"1":{"name":"createUser","decl":{"start":{"line":18,"column":22},"end":{"line":18,"column":32}},"loc":{"start":{"line":20,"column":18},"end":{"line":30,"column":1}}},"2":{"name":"updatePassword","decl":{"start":{"line":32,"column":22},"end":{"line":32,"column":36}},"loc":{"start":{"line":34,"column":18},"end":{"line":46,"column":1}}}},"branchMap":{"0":{"loc":{"start":{"line":12,"column":2},"end":{"line":14,"column":null}},"type":"if","locations":[{"start":{"line":12,"column":2},"end":{"line":14,"column":null}}]},"1":{"loc":{"start":{"line":26,"column":2},"end":{"line":28,"column":null}},"type":"if","locations":[{"start":{"line":26,"column":2},"end":{"line":28,"column":null}}]},"2":{"loc":{"start":{"line":42,"column":2},"end":{"line":44,"column":null}},"type":"if","locations":[{"start":{"line":42,"column":2},"end":{"line":44,"column":null}}]}},"s":{"0":0,"1":0,"2":0,"3":0,"4":0,"5":0,"6":0,"7":0,"8":0,"9":0,"10":0,"11":0,"12":0,"13":0,"14":0,"15":0,"16":0,"17":0,"18":0,"19":0,"20":0,"21":0},"f":{"0":0,"1":0,"2":0},"b":{"0":[0],"1":[0],"2":[0]}}
}
